Build started 11/7/2014 3:27:53 PM.
     1>Project "C:\Users\Adrian\Documents\Visual Studio 2013\Projects\Project3_Rasterization\Project3_Rasterization\Project3_Rasterization.vcxproj" on node 2 (Build target(s)).
     1>ClCompile:
         C:\Program Files (x86)\Microsoft Visual Studio 12.0\VC\bin\CL.exe /c /I"C:\glut\glut-3.7.6-bin" /ZI /nologo /W3 /WX- /Od /Oy- /D WIN32 /D _DEBUG /D _CONSOLE /D _LIB /D _UNICODE /D UNICODE /Gm /EHsc /RTC1 /MDd /GS /fp:precise /Zc:wchar_t /Zc:forScope /Fo"Debug\\" /Fd"Debug\vc120.pdb" /Gd /TP /analyze- /errorReport:prompt window.cpp
         window.cpp
     1>c:\users\adrian\documents\visual studio 2013\projects\project3_rasterization\project3_rasterization\window.cpp(91): warning C4018: '<' : signed/unsigned mismatch
     1>c:\users\adrian\documents\visual studio 2013\projects\project3_rasterization\project3_rasterization\window.cpp(113): warning C4018: '<' : signed/unsigned mismatch
     1>c:\users\adrian\documents\visual studio 2013\projects\project3_rasterization\project3_rasterization\window.cpp(143): warning C4018: '<' : signed/unsigned mismatch
     1>c:\users\adrian\documents\visual studio 2013\projects\project3_rasterization\project3_rasterization\window.cpp(164): warning C4018: '<' : signed/unsigned mismatch
     1>c:\users\adrian\documents\visual studio 2013\projects\project3_rasterization\project3_rasterization\window.cpp(212): warning C4018: '<' : signed/unsigned mismatch
     1>c:\users\adrian\documents\visual studio 2013\projects\project3_rasterization\project3_rasterization\window.cpp(258): warning C4018: '<' : signed/unsigned mismatch
     1>c:\users\adrian\documents\visual studio 2013\projects\project3_rasterization\project3_rasterization\window.cpp(350): warning C4715: 'f' : not all control paths return a value
       Link:
         C:\Program Files (x86)\Microsoft Visual Studio 12.0\VC\bin\link.exe /ERRORREPORT:PROMPT /OUT:"C:\Users\Adrian\Documents\Visual Studio 2013\Projects\Project3_Rasterization\Debug\Project3_Rasterization.exe" /INCREMENTAL /NOLOGO /LIBPATH:"C:\glut\glut-3.7.6-bin" kernel32.lib user32.lib gdi32.lib winspool.lib comdlg32.lib advapi32.lib shell32.lib ole32.lib oleaut32.lib uuid.lib odbc32.lib odbccp32.lib /MANIFEST /MANIFESTUAC:"level='asInvoker' uiAccess='false'" /manifest:embed /DEBUG /PDB:"C:\Users\Adrian\Documents\Visual Studio 2013\Projects\Project3_Rasterization\Debug\Project3_Rasterization.pdb" /SUBSYSTEM:CONSOLE /TLBID:1 /DYNAMICBASE /NXCOMPAT /IMPLIB:"C:\Users\Adrian\Documents\Visual Studio 2013\Projects\Project3_Rasterization\Debug\Project3_Rasterization.lib" /MACHINE:X86 Debug\Camera.obj
         Debug\Matrix4.obj
         Debug\Vector3.obj
         Debug\Vector4.obj
         Debug\window.obj
         Project3_Rasterization.vcxproj -> C:\Users\Adrian\Documents\Visual Studio 2013\Projects\Project3_Rasterization\Debug\Project3_Rasterization.exe
     1>Done Building Project "C:\Users\Adrian\Documents\Visual Studio 2013\Projects\Project3_Rasterization\Project3_Rasterization\Project3_Rasterization.vcxproj" (Build target(s)).

Build succeeded.

Time Elapsed 00:00:04.44
